Arguments: 
  /usr/local/bin/node /usr/local/bin/yarn build

PATH: 
  /Users/katrinatochowicz/.rvm/gems/ruby-2.6.1/bin:/Users/katrinatochowicz/.rvm/gems/ruby-2.6.1@global/bin:/Users/katrinatochowicz/.rvm/rubies/ruby-2.6.1/bin:/Users/katrinatochowicz/.rvm/bin:/usr/local/opt/krb5/sbin:/usr/local/opt/krb5/bin:/usr/local/opt/openssl@1.1/bin:/usr/local/sbin:/usr/local/bin:/usr/bin:/bin:/usr/sbin:/sbin

Yarn version: 
  1.22.10

Node version: 
  14.15.0

Platform: 
  darwin x64

Trace: 
  SyntaxError: /Users/katrinatochowicz/Development/code/Projects/rails-api/package.json: Unexpected token } in JSON at position 535
      at JSON.parse (<anonymous>)
      at /usr/local/lib/node_modules/yarn/lib/cli.js:1625:59
      at Generator.next (<anonymous>)
      at step (/usr/local/lib/node_modules/yarn/lib/cli.js:310:30)
      at /usr/local/lib/node_modules/yarn/lib/cli.js:321:13

npm manifest: 
  {
      "name": "rails-api",
      "version": "1.0.0",
      "description": "This README would normally document whatever steps are necessary to get the application up and running...",
      "main": "index.js",
      "directories": {
          "lib": "lib",
          "test": "test"
      },
      "scripts": {
          "test": "echo \"Error: no test specified\" && exit 1",
      "start": "cd client && yarn start",
      "build": "cd client && yarn build",
      "install": "cd client && yarn"
    },
    "keywords": [],
    "author": "",
    "license": "ISC"
      }
  }

yarn manifest: 
  No manifest

Lockfile: 
  No lockfile
